0.0
1037.695556640625 1.0 False
1037.695556640625 1.0 False
1043.35986328125 0.99770188331604 False
1050.1334228515625 0.9937119483947754 False
1059.8524169921875 0.9892917275428772 False
1073.171630859375 0.9797512292861938 False
1085.36962890625 0.9797512292861938 False
1085.36962890625 0.9722806215286255 False
1085.731689453125 0.9722806215286255 False
1085.731689453125 0.9685675501823425 False
1086.3646240234375 0.964335560798645 False
1086.83251953125 0.9598459005355835 False
1089.912841796875 0.9527503252029419 False
1089.5821533203125 0.9471015334129333 False
1091.2999267578125 0.9386189579963684 False
1091.938720703125 0.9323581457138062 False
1093.96240234375 0.9245999455451965 False
1094.5325927734375 0.9173747301101685 False
1094.343994140625 0.9080991744995117 False
1094.297119140625 0.8982093930244446 False
1095.968994140625 0.8884707093238831 False
1099.256103515625 0.8756805658340454 False
1097.749267578125 0.8640193343162537 False
1099.83837890625 0.8501671552658081 False
1102.144775390625 0.8323609232902527 False
1101.975341796875 0.8165998458862305 False
1105.685302734375 0.7993584275245667 False
1104.257080078125 0.7778512835502625 False
1102.8778076171875 0.7581475973129272 False
1103.72119140625 0.7362231612205505 False
1102.4508056640625 0.7122023701667786 False
1107.6259765625 0.6833177208900452 False
1107.8287353515625 0.6558879613876343 False
1107.3291015625 0.625028669834137 False
1106.6800537109375 0.5906999707221985 False
1109.3035888671875 0.5524085164070129 False
1110.087646484375 0.5106530785560608 False
1111.190673828125 0.4581712484359741 False
1108.88818359375 0.41078266501426697 False
1110.0048828125 0.3371983468532562 False
1109.297607421875 0.283623069524765 False
1110.1221923828125 0.22023290395736694 False
1110.108642578125 0.15352554619312286 False
1109.47119140625 0.06904636323451996 False
1107.1390380859375 0.0 False
1109.753173828125 0.0 True
0.0
1033.358154296875 1.0 False
1033.358154296875 1.0 False
1032.943603515625 0.9985524415969849 False
1035.278076171875 0.9864345788955688 False
1035.120361328125 0.9828475713729858 False
1036.1768798828125 0.9890947937965393 False
1036.3543701171875 0.9963982701301575 False
1034.6087646484375 0.9901100397109985 False
1037.607666015625 0.9854310750961304 False
1037.35791015625 0.9854310750961304 False
1037.35791015625 0.9531173706054688 False
1036.9197998046875 0.9251187443733215 False
1036.9835205078125 0.8964301943778992 False
1038.1826171875 0.8892673850059509 False
1037.9609375 0.9124755263328552 False
1038.678466796875 0.9337722659111023 False
1038.424560546875 0.928129255771637 False
1038.813720703125 0.9099618792533875 False
1039.0233154296875 0.8940615057945251 False
1040.229248046875 0.8812852501869202 False
1040.7598876953125 0.8485901951789856 False
1040.375 0.8270919919013977 False
1041.52392578125 0.8078514933586121 False
1042.171630859375 0.752494752407074 False
1046.0172119140625 0.6990412473678589 False
1045.298583984375 0.6358383297920227 False
1047.741943359375 0.5483679175376892 False
1049.942138671875 0.5107121467590332 False
1047.84765625 0.4713495969772339 False
1050.031982421875 0.42300528287887573 False
1048.7752685546875 0.3459605872631073 False
1047.903564453125 0.31143641471862793 False
1049.1851806640625 0.2728113830089569 False
1047.8748779296875 0.22200478613376617 False
1048.03564453125 0.16864098608493805 False
1047.108642578125 0.11073752492666245 False
1048.216796875 0.04883626475930214 False
1049.9652099609375 0.0 False
1051.2840576171875 0.0 True
0.0
1032.9613037109375 1.0 False
1032.9613037109375 1.0 False
1032.699951171875 0.9984877705574036 False
1032.1033935546875 0.9949168562889099 False
1033.09619140625 0.9768363237380981 False
1034.397216796875 0.9529688358306885 False
1033.8525390625 0.9313793778419495 False
1033.8792724609375 0.912341833114624 False
1035.1005859375 0.8795398473739624 False
1034.731201171875 0.8603938817977905 False
1035.59765625 0.827892541885376 False
1037.1568603515625 0.7645213007926941 False
1038.165771484375 0.7090809941291809 False
1037.9722900390625 0.6327745318412781 False
1039.188232421875 0.5561641454696655 False
1041.1619873046875 0.4709644317626953 False
1040.85400390625 0.3949512541294098 False
1042.16455078125 0.3081374764442444 False
1042.9659423828125 0.20742756128311157 False
1042.0115966796875 0.11097793281078339 False
1043.6859130859375 0.0 False
1045.26025390625 0.0 True
0.0
1033.02197265625 1.0 False
1033.02197265625 1.0 False
1032.833984375 0.9984993934631348 False
1033.73095703125 0.9935678243637085 False
1034.8070068359375 0.9789637923240662 False
1034.2470703125 0.980147123336792 False
1035.044677734375 0.9880094528198242 False
1034.50537109375 0.998101532459259 False
1032.4036865234375 0.9980563521385193 False
1036.108154296875 0.9929339289665222 False
1033.35205078125 0.9653627276420593 False
1036.482666015625 0.9103155136108398 False
1036.02685546875 0.8596360087394714 False
1037.026611328125 0.7653772830963135 False
1040.982177734375 0.5973848104476929 False
1040.982177734375 0.49522891640663147 False
1044.712646484375 0.2966843843460083 False
1043.97802734375 0.06953226774930954 True
0.0
1033.0316162109375 1.0 False
1033.0316162109375 1.0 False
1034.277099609375 0.9988208413124084 False
1034.89404296875 0.9976899027824402 False
1035.593505859375 0.992680013179779 False
1034.483154296875 0.9683610796928406 False
1032.807373046875 0.9758397340774536 False
1035.61474609375 0.9991205930709839 False
1034.5164794921875 0.9715744256973267 False
1035.311279296875 0.9329988956451416 False
1035.7080078125 0.8974014520645142 False
1036.423095703125 0.8813173174858093 False
1035.9039306640625 0.8637616634368896 False
1037.2685546875 0.8204472661018372 False
1037.550048828125 0.7555140256881714 False
1038.5440673828125 0.6969274282455444 False
1039.79931640625 0.650050938129425 False
1039.776123046875 0.6149165034294128 False
1040.66015625 0.559082567691803 False
1042.65380859375 0.506834864616394 False
1042.889404296875 0.44768351316452026 False
1044.390625 0.3592316508293152 False
1044.3515625 0.275473028421402 False
1045.98193359375 0.18713556230068207 False
1046.059326171875 0.0 True
0.0
1033.225341796875 1.0 False
1033.225341796875 1.0 False
1033.175537109375 0.9991105794906616 False
1033.810791015625 0.9977940917015076 False
1031.503662109375 0.9977940917015076 False
1031.503662109375 0.9895720481872559 False
1034.581298828125 0.9895720481872559 False
1034.581298828125 0.9523383975028992 False
1034.4705810546875 0.9523383975028992 False
1034.4705810546875 0.9208895564079285 False
1036.066650390625 0.8906518816947937 False
1036.702880859375 0.8686794638633728 False
1036.5023193359375 0.7948110103607178 False
1038.6773681640625 0.6975952982902527 False
1038.855224609375 0.5823894739151001 False
1042.0537109375 0.48860689997673035 False
1041.2474365234375 0.41009521484375 False
1042.574462890625 0.3348695933818817 False
1043.2442626953125 0.21177995204925537 False
1042.6141357421875 0.0984463170170784 False
1046.012939453125 0.0 True
0.0
1033.025146484375 1.0 False
1033.025146484375 1.0 False
1034.103759765625 0.9989439845085144 False
1032.8955078125 0.9961800575256348 False
1033.4232177734375 0.9807477593421936 False
1034.56689453125 0.9842894077301025 False
1036.05712890625 0.9842894077301025 False
1036.398681640625 0.997318685054779 False
1031.881103515625 0.9995002746582031 False
1034.011474609375 0.9876725077629089 False
1034.37744140625 0.9676279425621033 False
1035.904296875 0.9480036497116089 False
1036.2119140625 0.9348277449607849 False
1036.444091796875 0.9205910563468933 False
1037.5679931640625 0.922467052936554 False
1036.7823486328125 0.922467052936554 False
1037.517333984375 0.9336212277412415 False
1040.4736328125 0.9509319067001343 False
1040.371337890625 0.9654281735420227 False
1038.3843994140625 0.9911995530128479 False
1039.061279296875 0.9514248967170715 False
1040.6195068359375 0.9309290647506714 False
1039.60302734375 0.9113551378250122 False
1041.9169921875 0.8609583377838135 False
1041.9091796875 0.8353005051612854 False
1042.48486328125 0.8203136920928955 False
1042.48486328125 0.7706039547920227 False
1045.0987548828125 0.7391045689582825 False
1044.99365234375 0.723615288734436 False
1044.9249267578125 0.7354539632797241 False
1045.92724609375 0.7354539632797241 False
1045.92724609375 0.7445623874664307 False
1045.2840576171875 0.7909747362136841 False
1045.2840576171875 0.8449779152870178 False
1046.46875 0.8894938826560974 False
1044.8603515625 0.8888166546821594 False
1048.09423828125 0.8676953911781311 False
1049.369873046875 0.8313086032867432 False
1048.7296142578125 0.7858963012695312 False
1048.7296142578125 0.7387005090713501 False
1050.005859375 0.6425884962081909 False
1050.7406005859375 0.6471662521362305 False
1050.7406005859375 0.6451478600502014 False
1050.8115234375 0.6224563717842102 False
1054.5943603515625 0.6035519242286682 False
1053.140625 0.5865087509155273 False
1053.000244140625 0.5532267093658447 False
1052.6376953125 0.5532267093658447 False
1058.81103515625 0.5334319472312927 False
1058.81103515625 0.517173171043396 False
1057.3575439453125 0.4834088087081909 False
1057.3575439453125 0.43637314438819885 False
1058.2012939453125 0.38479530811309814 False
1056.0289306640625 0.33036836981773376 False
1056.0289306640625 0.27319759130477905 False
1058.098876953125 0.21777412295341492 False
1059.923095703125 0.14864671230316162 False
1059.923095703125 0.05014275386929512 False
1067.31787109375 0.0 False
1067.31787109375 0.0 True
0.0
1033.02197265625 1.0 False
1033.02197265625 0.9987360835075378 False
1034.45263671875 0.9987360835075378 False
1033.609375 0.9968773722648621 False
1031.7958984375 0.9830785989761353 False
1035.988037109375 0.9830785989761353 False
1032.547607421875 0.9939191341400146 False
1034.218017578125 0.9855889081954956 False
1034.218017578125 0.9451974034309387 False
1036.594970703125 0.8158015012741089 False
1036.93603515625 0.8158015012741089 False
1037.1298828125 0.7767177224159241 False
1037.1298828125 0.7343888878822327 False
1037.204345703125 0.7343888878822327 False
1038.38525390625 0.7226219773292542 False
1038.701171875 0.6697332859039307 False
1038.701171875 0.6350243091583252 False
1041.1123046875 0.6261146068572998 False
1040.0546875 0.6221638917922974 False
1040.881103515625 0.5930882096290588 False
1041.8388671875 0.5515562295913696 False
1043.239013671875 0.5101256370544434 False
1043.239013671875 0.4555342495441437 False
1044.748291015625 0.3938504159450531 False
1045.15234375 0.3233018219470978 False
1045.223388671875 0.2559133768081665 False
1044.6328125 0.1828383505344391 False
1047.23681640625 0.11021304875612259 False
1047.23681640625 0.02800835482776165 False
1049.5885009765625 0.0 True
0.0
1033.0108642578125 1.0 False
1033.0103759765625 1.0 False
1031.35498046875 0.9994683861732483 False
1035.41259765625 0.9974688291549683 False
1032.060546875 0.9996583461761475 False
1033.31689453125 0.9905180335044861 False
1033.31689453125 0.948417603969574 False
1034.682861328125 0.9101247787475586 False
1034.682861328125 0.8758748173713684 False
1035.934814453125 0.8384461998939514 False
1037.4993896484375 0.8014060854911804 False
1037.353271484375 0.7782536149024963 False
1037.003662109375 0.7676459550857544 False
1038.025146484375 0.7617357969284058 False
1037.1827392578125 0.7576731443405151 False
1038.608154296875 0.7458985447883606 False
1040.423583984375 0.7233047485351562 False
1042.2696533203125 0.6362893581390381 False
1041.44775390625 0.5124441385269165 False
1042.0858154296875 0.46159452199935913 False
1042.37548828125 0.42032867670059204 False
1041.435302734375 0.3388420641422272 False
1041.744873046875 0.3388420641422272 False
1041.744873046875 0.3052113354206085 False
1042.931884765625 0.2746758460998535 False
1043.262939453125 0.23471756279468536 False
1045.2916259765625 0.18757925927639008 False
1045.2916259765625 0.13020528852939606 False
1043.5860595703125 0.0740576833486557 False
1046.3179931640625 0.00850711390376091 False
1045.1925048828125 0.0 True
0.0
1033.254150390625 1.0 False
1033.254150390625 1.0 False
1033.9637451171875 0.9991316795349121 False
1034.85498046875 0.996943473815918 False
1034.7371826171875 0.9891537427902222 False
1035.5318603515625 0.8033040165901184 False
1036.5400390625 0.8033040165901184 False
1036.5400390625 0.7558543086051941 False
1037.617919921875 0.6863282322883606 False
1039.802490234375 0.6005915403366089 False
1040.3868408203125 0.35026922821998596 False
1040.706298828125 0.35026922821998596 False
1040.0191650390625 0.23314505815505981 False
1043.710693359375 0.11217091977596283 False
1043.193603515625 0.0 True
0.0
1033.029296875 1.0 False
1034.27783203125 1.0 False
1035.1868896484375 0.9990305304527283 False
1032.736328125 0.9970177412033081 False
1034.94677734375 0.9855247735977173 False
1035.1337890625 0.9679774641990662 False
1033.98095703125 0.9414082765579224 False
1034.9539794921875 0.9414082765579224 False
1033.95947265625 0.9445912837982178 False
1033.292724609375 0.9834550023078918 False
1036.465087890625 0.9639037251472473 False
1036.3587646484375 0.8968629837036133 False
1036.3828125 0.8734080195426941 False
1036.3828125 0.8407114744186401 False
1037.200439453125 0.7752019166946411 False
1037.200439453125 0.7220780849456787 False
1040.46044921875 0.669536828994751 False
1041.1053466796875 0.6069570183753967 False
1042.81103515625 0.5504306554794312 False
1044.3609619140625 0.4266347289085388 False
1046.11181640625 0.314914733171463 False
1045.29833984375 0.19961607456207275 False
1045.29833984375 0.07458402961492538 False
1048.306884765625 0.0 True
0.0
1033.467529296875 1.0 False
1033.467529296875 1.0 False
1034.611328125 0.9987221360206604 False
1034.41650390625 0.9979389905929565 False
1036.154052734375 0.9944963455200195 False
1036.154052734375 0.995560348033905 False
1032.025146484375 0.98630690574646 False
1035.698486328125 0.9504061937332153 False
1036.935546875 0.8211065530776978 False
1037.607177734375 0.7638208866119385 False
1038.1964111328125 0.6378293633460999 False
1037.160400390625 0.47356295585632324 False
1037.7938232421875 0.34703773260116577 False
1036.412841796875 0.1055450439453125 False
1034.613037109375 0.006985642947256565 False
1034.95458984375 0.006985642947256565 False
1034.95458984375 0.0 True
0.0
1033.0015869140625 1.0 False
1033.0015869140625 1.0 False
1034.135986328125 0.9987877011299133 False
1035.103515625 0.9975901246070862 False
1033.7901611328125 0.9945668578147888 False
1031.876708984375 0.9728935956954956 False
1035.1171875 0.9162956476211548 False
1034.96044921875 0.8187834620475769 False
1034.989501953125 0.7574655413627625 False
1035.968505859375 0.7061249017715454 False
1036.6083984375 0.6594228148460388 False
1036.6258544921875 0.5639455914497375 False
1035.908447265625 0.485548198223114 False
1037.107666015625 0.3818817138671875 False
1035.90185546875 0.136491060256958 False
1032.44140625 0.136491060256958 False
1032.44140625 0.02467634342610836 False
1034.297607421875 0.0 True
